<?xml version="1.0" encoding="UTF-8"?>
<!-- Generated by org.testng.reporters.JUnitReportReporter -->
<testsuite hostname="Harish" failures="0" tests="1" name="com.UrbanLadder.Runner.Tc0010_GetCities" time="22.144" errors="0" timestamp="2021-09-23T19:45:59 IST" skipped="0">
  <testcase classname="com.UrbanLadder.Runner.Tc0010_GetCities" name="Open10" time="22.144"/>
  <system-out/>
</testsuite> <!-- com.UrbanLadder.Runner.Tc0010_GetCities -->
