<?xml version="1.0" encoding="UTF-8"?>
<!-- Generated by org.testng.reporters.JUnitReportReporter -->
<testsuite hostname="DESKTOP-MM72A1T" failures="0" tests="1" name="com.UrbanLadder.runner.Tc0020_hover" time="34.583" errors="0" timestamp="2021-09-24T14:58:51 IST" skipped="0">
  <testcase classname="com.UrbanLadder.runner.Tc0020_hover" name="Open1" time="34.583"/>
  <system-out/>
</testsuite> <!-- com.UrbanLadder.runner.Tc0020_hover -->
