<?xml version="1.0" encoding="UTF-8"?>
<!-- Generated by org.testng.reporters.JUnitReportReporter -->
<testsuite hostname="DESKTOP-MM72A1T" failures="0" tests="1" name="com.UrbanLadder.runner.Tc004_GetTwitterFollowers" time="35.085" errors="0" timestamp="2021-09-24T18:20:56 IST" skipped="0">
  <testcase classname="com.UrbanLadder.runner.Tc004_GetTwitterFollowers" name="YouTubeViewsCount" time="35.085"/>
  <system-out/>
</testsuite> <!-- com.UrbanLadder.runner.Tc004_GetTwitterFollowers -->
