<?xml version="1.0" encoding="UTF-8"?>
<!-- Generated by org.testng.reporters.JUnitReportReporter -->
<testsuite hostname="DESKTOP-MM72A1T" failures="0" tests="13" name="com.UrbanLadderProject.runner.HomePageRunner" time="383.430" errors="0" timestamp="2021-09-25T19:33:21 IST" skipped="0">
  <testcase classname="com.UrbanLadderProject.runner.HomePageRunner" name="Subskribe" time="22.286"/>
  <system-out/>
  <testcase classname="com.UrbanLadderProject.runner.HomePageRunner" name="Subskribe" time="26.236"/>
  <system-out/>
  <testcase classname="com.UrbanLadderProject.runner.HomePageRunner" name="Subskribe" time="22.169"/>
  <system-out/>
  <testcase classname="com.UrbanLadderProject.runner.HomePageRunner" name="ShoeRackProps" time="26.361"/>
  <system-out/>
  <testcase classname="com.UrbanLadderProject.runner.HomePageRunner" name="ClickingCheckBoxes" time="32.560"/>
  <system-out/>
  <testcase classname="com.UrbanLadderProject.runner.HomePageRunner" name="YouTubeViewsCount" time="36.811"/>
  <system-out/>
  <testcase classname="com.UrbanLadderProject.runner.HomePageRunner" name="GiftCards" time="28.641"/>
  <system-out/>
  <testcase classname="com.UrbanLadderProject.runner.HomePageRunner" name="CountOfItem" time="32.665"/>
  <system-out/>
  <testcase classname="com.UrbanLadderProject.runner.HomePageRunner" name="ChatBox" time="32.387"/>
  <system-out/>
  <testcase classname="com.UrbanLadderProject.runner.HomePageRunner" name="CheckOut" time="42.156"/>
  <system-out/>
  <testcase classname="com.UrbanLadderProject.runner.HomePageRunner" name="OrderCheck" time="26.886"/>
  <system-out/>
  <testcase classname="com.UrbanLadderProject.runner.HomePageRunner" name="OrderCheck" time="26.921"/>
  <system-out/>
  <testcase classname="com.UrbanLadderProject.runner.HomePageRunner" name="Warranty" time="27.351"/>
  <system-out/>
</testsuite> <!-- com.UrbanLadderProject.runner.HomePageRunner -->
