<?xml version="1.0" encoding="UTF-8"?>
<!-- Generated by org.testng.reporters.JUnitReportReporter -->
<testsuite hostname="Harish" failures="0" tests="1" name="com.UrbanLadder.Runner.Tc004_GetInstaFollowers" time="25.618" errors="0" timestamp="2021-09-23T20:28:30 IST" skipped="0">
  <testcase classname="com.UrbanLadder.Runner.Tc004_GetInstaFollowers" name="Open4" time="25.618"/>
  <system-out/>
</testsuite> <!-- com.UrbanLadder.Runner.Tc004_GetInstaFollowers -->
