<?xml version="1.0" encoding="UTF-8"?>
<!-- Generated by org.testng.reporters.JUnitReportReporter -->
<testsuite hostname="DESKTOP-MM72A1T" failures="0" tests="1" name="com.UrbanLadder.runner.Tc005_CheckOutItem" time="43.976" errors="0" timestamp="2021-09-24T15:47:16 IST" skipped="0">
  <testcase classname="com.UrbanLadder.runner.Tc005_CheckOutItem" name="Open5" time="43.976"/>
  <system-out/>
</testsuite> <!-- com.UrbanLadder.runner.Tc005_CheckOutItem -->
