<?xml version="1.0" encoding="UTF-8"?>
<!-- Generated by org.testng.reporters.JUnitReportReporter -->
<testsuite hostname="DESKTOP-MM72A1T" failures="0" tests="1" name="com.UrbanLadder.runner.Tc003_GiftCardCheck" time="33.521" errors="0" timestamp="2021-09-24T15:45:33 IST" skipped="0">
  <testcase classname="com.UrbanLadder.runner.Tc003_GiftCardCheck" name="Open3" time="33.521"/>
  <system-out/>
</testsuite> <!-- com.UrbanLadder.runner.Tc003_GiftCardCheck -->
