<?xml version="1.0" encoding="UTF-8"?>
<!-- Generated by org.testng.reporters.JUnitReportReporter -->
<testsuite hostname="Harish" failures="0" tests="1" name="com.UrbanLadder.Runner.OpenUrl1" time="23.044" errors="0" timestamp="2021-09-23T11:35:11 IST" skipped="0">
  <testcase classname="com.UrbanLadder.Runner.OpenUrl1" name="Open" time="23.044"/>
  <system-out/>
</testsuite> <!-- com.UrbanLadder.Runner.OpenUrl1 -->
