<?xml version="1.0" encoding="UTF-8"?>
<!-- Generated by org.testng.reporters.JUnitReportReporter -->
<testsuite hostname="DESKTOP-MM72A1T" failures="0" tests="1" name="com.UrbanLadder.runner.Tc006_ChatFrame" time="34.726" errors="0" timestamp="2021-09-24T14:49:07 IST" skipped="0">
  <testcase classname="com.UrbanLadder.runner.Tc006_ChatFrame" name="Open6" time="34.726"/>
  <system-out/>
</testsuite> <!-- com.UrbanLadder.runner.Tc006_ChatFrame -->
