<?xml version="1.0" encoding="UTF-8"?>
<!-- Generated by org.testng.reporters.JUnitReportReporter -->
<testsuite hostname="DESKTOP-MM72A1T" failures="0" tests="2" name="com.UrbanLadder.runner.Tc008_TrackOrder" time="57.126" errors="0" timestamp="2021-09-24T16:06:41 IST" skipped="0">
  <testcase classname="com.UrbanLadder.runner.Tc008_TrackOrder" name="Open8" time="30.199"/>
  <system-out/>
  <testcase classname="com.UrbanLadder.runner.Tc008_TrackOrder" name="Open8" time="26.927"/>
  <system-out/>
</testsuite> <!-- com.UrbanLadder.runner.Tc008_TrackOrder -->
