<?xml version="1.0" encoding="UTF-8"?>
<!-- Generated by org.testng.reporters.JUnitReportReporter -->
<testsuite hostname="DESKTOP-MM72A1T" failures="0" tests="1" name="com.UrbanLadder.runner.Tc009_LinksInStoresPage" time="39.615" errors="0" timestamp="2021-09-24T13:48:54 IST" skipped="0">
  <testcase classname="com.UrbanLadder.runner.Tc009_LinksInStoresPage" name="Open12" time="39.615"/>
  <system-out/>
</testsuite> <!-- com.UrbanLadder.runner.Tc009_LinksInStoresPage -->
