<?xml version="1.0" encoding="UTF-8"?>
<!-- Generated by org.testng.reporters.JUnitReportReporter -->
<testsuite hostname="DESKTOP-MM72A1T" failures="0" tests="1" name="com.UrbanLadder.runner.Tc002_TvPrice" time="37.016" errors="0" timestamp="2021-09-24T13:13:02 IST" skipped="0">
  <testcase classname="com.UrbanLadder.runner.Tc002_TvPrice" name="Open2" time="37.016"/>
  <system-out/>
</testsuite> <!-- com.UrbanLadder.runner.Tc002_TvPrice -->
